[debug] [2017-08-18T00:45:00.712Z] ----------------------------------------------------------------------
[debug] [2017-08-18T00:45:00.715Z] Command:       /usr/local/bin/node /Users/roo/.npm-packages/bin/firebase deploy
[debug] [2017-08-18T00:45:00.715Z] CLI Version:   3.9.2
[debug] [2017-08-18T00:45:00.715Z] Platform:      darwin
[debug] [2017-08-18T00:45:00.715Z] Node Version:  v6.11.2
[debug] [2017-08-18T00:45:00.716Z] Time:          Thu Aug 17 2017 20:45:00 GMT-0400 (EDT)
[debug] [2017-08-18T00:45:00.716Z] ----------------------------------------------------------------------
[debug] 
[debug] [2017-08-18T00:45:00.732Z] > command requires scopes: ["email","openid","https://www.googleapis.com/auth/cloudplatformprojects.readonly","https://www.googleapis.com/auth/firebase","https://www.googleapis.com/auth/cloud-platform"]
[debug] [2017-08-18T00:45:00.732Z] > authorizing via signed-in user
[debug] [2017-08-18T00:45:00.734Z] >>> HTTP REQUEST GET https://admin.firebase.com/v1/projects/folk-post  
 Thu Aug 17 2017 20:45:00 GMT-0400 (EDT)
[debug] [2017-08-18T00:45:01.126Z] <<< HTTP RESPONSE 200
[debug] [2017-08-18T00:45:01.128Z] >>> HTTP REQUEST GET https://admin.firebase.com/v1/database/folk-post/tokens  
 Thu Aug 17 2017 20:45:01 GMT-0400 (EDT)
[debug] [2017-08-18T00:45:01.573Z] <<< HTTP RESPONSE 200
[info] 
[info] === Deploying to 'folk-post'...
[info] 
[info] i  deploying database, hosting
[info] ✔  database: rules ready to deploy.
[info] i  hosting: preparing . directory for upload...
[warn] ⚠  Warning: Public directory does not contain index.html
[debug] [2017-08-18T00:45:11.048Z] >>> HTTP REQUEST PUT https://deploy.firebase.com/v1/hosting/folk-post/uploads/-KrmnDhXaYRy0Rq3y2VC?fileCount=4177&message=  
 Thu Aug 17 2017 20:45:11 GMT-0400 (EDT)
